<?xml version="1.0" encoding="UTF-8"?>
<testsuite xmlns:xsi="http://www.w3.org/2001/XMLSchema-instance" xsi:noNamespaceSchemaLocation="https://maven.apache.org/surefire/maven-surefire-plugin/xsd/surefire-test-report-3.0.xsd" version="3.0" name="TestSuite" time="3.195" tests="12" errors="0" skipped="0" failures="0">
  <properties>
[...]
</properties>
  <testcase name="checkPatientCountGreaterThan40" classname="api.PatientTest" time="1.779">
    <system-err><![CDATA[SLF4J: Failed to load class "org.slf4j.impl.StaticLoggerBinder".
SLF4J: Defaulting to no-operation (NOP) logger implementation
SLF4J: See http://www.slf4j.org/codes.html#StaticLoggerBinder for further details.
]]></system-err>
  </testcase>
  <testcase name="contentTypeShouldBeJson" classname="api.PatientTest" time="0.014"/>
  <testcase name="createNewPatient_shouldReturn201" classname="api.PatientTest" time="0.071"/>
  <testcase name="createPatientWithoutDisease_shouldSetNull" classname="api.PatientTest" time="0.031"/>
  <testcase name="deletePatientDynamically_shouldReturn200or204" classname="api.PatientTest" time="0.058"/>
  <testcase name="getAllPatients_shouldReturnAtLeast50Patients" classname="api.PatientTest" time="0.04"/>
  <testcase name="getPatientById1_shouldReturnAaravSharma" classname="api.PatientTest" time="0.036"/>
  <testcase name="getPatientByInvalidId_shouldReturn404" classname="api.PatientTest" time="0.009"/>
  <testcase name="getPatients_shouldHaveRequiredFields" classname="api.PatientTest" time="0.094"/>
  <testcase name="patientId1_ageShouldBeGreaterThan30" classname="api.PatientTest" time="0.023"/>
  <testcase name="updatePatientId10_shouldReturnUpdatedData" classname="api.PatientTest" time="0.039"/>
  <testcase name="verifyUniquePatientIds" classname="api.PatientTest" time="0.039"/>
</testsuite>